Using pre-set license
Built from '2022.3/staging' branch; Version is '2022.3.13f1 (5f90a5ebde0f) revision 6262949'; Using compiler version '192829333'; Build Type 'Release'
OS: 'Windows 11  (10.0.22621) 64bit Professional' Language: 'en' Physical Memory: 24500 MB
BatchMode: 1, IsHumanControllingUs: 0, StartBugReporterOnCrash: 0, Is64bit: 1, IsPro: 1

COMMAND LINE ARGUMENTS:
C:\Program Files\Unity\Hub\Editor\2022.3.13f1\Editor\Unity.exe
-adb2
-batchMode
-noUpm
-name
AssetImportWorker2
-projectPath
D:/Kisa CMU Works/Lancelot
-logFile
Logs/AssetImportWorker2.log
-srvPort
64246
Successfully changed project path to: D:/Kisa CMU Works/Lancelot
D:/Kisa CMU Works/Lancelot
[UnityMemory] Configuration Parameters - Can be set up in boot.config
    "memorysetup-bucket-allocator-granularity=16"
    "memorysetup-bucket-allocator-bucket-count=8"
    "memorysetup-bucket-allocator-block-size=33554432"
    "memorysetup-bucket-allocator-block-count=8"
    "memorysetup-main-allocator-block-size=16777216"
    "memorysetup-thread-allocator-block-size=16777216"
    "memorysetup-gfx-main-allocator-block-size=16777216"
    "memorysetup-gfx-thread-allocator-block-size=16777216"
    "memorysetup-cache-allocator-block-size=4194304"
    "memorysetup-typetree-allocator-block-size=2097152"
    "memorysetup-profiler-bucket-allocator-granularity=16"
    "memorysetup-profiler-bucket-allocator-bucket-count=8"
    "memorysetup-profiler-bucket-allocator-block-size=33554432"
    "memorysetup-profiler-bucket-allocator-block-count=8"
    "memorysetup-profiler-allocator-block-size=16777216"
    "memorysetup-profiler-editor-allocator-block-size=1048576"
    "memorysetup-temp-allocator-size-main=16777216"
    "memorysetup-job-temp-allocator-block-size=2097152"
    "memorysetup-job-temp-allocator-block-size-background=1048576"
    "memorysetup-job-temp-allocator-reduction-small-platforms=262144"
    "memorysetup-allocator-temp-initial-block-size-main=262144"
    "memorysetup-allocator-temp-initial-block-size-worker=262144"
    "memorysetup-temp-allocator-size-background-worker=32768"
    "memorysetup-temp-allocator-size-job-worker=262144"
    "memorysetup-temp-allocator-size-preload-manager=33554432"
    "memorysetup-temp-allocator-size-nav-mesh-worker=65536"
    "memorysetup-temp-allocator-size-audio-worker=65536"
    "memorysetup-temp-allocator-size-cloud-worker=32768"
    "memorysetup-temp-allocator-size-gi-baking-worker=262144"
    "memorysetup-temp-allocator-size-gfx=262144"
Player connection [21172] Host "[IP] 192.168.80.222 [Port] 0 [Flags] 2 [Guid] 3361790021 [EditorId] 3361790021 [Version] 1048832 [Id] WindowsEditor(7,Kisa) [Debug] 1 [PackageName] WindowsEditor [ProjectName] Editor" joined multi-casting on [225.0.0.222:54997]...

Player connection [21172] Host "[IP] 192.168.80.222 [Port] 0 [Flags] 2 [Guid] 3361790021 [EditorId] 3361790021 [Version] 1048832 [Id] WindowsEditor(7,Kisa) [Debug] 1 [PackageName] WindowsEditor [ProjectName] Editor" joined alternative multi-casting on [225.0.0.222:34997]...

[Physics::Module] Initialized MultithreadedJobDispatcher with 11 workers.
Refreshing native plugins compatible for Editor in 5.24 ms, found 2 plugins.
Preloading 0 native plugins for Editor in 0.00 ms.
Initialize engine version: 2022.3.13f1 (5f90a5ebde0f)
[Subsystems] Discovering subsystems at path C:/Program Files/Unity/Hub/Editor/2022.3.13f1/Editor/Data/Resources/UnitySubsystems
[Subsystems] Discovering subsystems at path D:/Kisa CMU Works/Lancelot/Assets
GfxDevice: creating device client; threaded=0; jobified=0
Direct3D:
    Version:  Direct3D 11.0 [level 11.1]
    Renderer: NVIDIA GeForce GTX 1070 Ti (ID=0x1b82)
    Vendor:   NVIDIA
    VRAM:     8060 MB
    Driver:   31.0.15.5123
Initialize mono
Mono path[0] = 'C:/Program Files/Unity/Hub/Editor/2022.3.13f1/Editor/Data/Managed'
Mono path[1] = 'C:/Program Files/Unity/Hub/Editor/2022.3.13f1/Editor/Data/MonoBleedingEdge/lib/mono/unityjit-win32'
Mono config path = 'C:/Program Files/Unity/Hub/Editor/2022.3.13f1/Editor/Data/MonoBleedingEdge/etc'
Using monoOptions --debugger-agent=transport=dt_socket,embedding=1,server=y,suspend=n,address=127.0.0.1:56236
Begin MonoManager ReloadAssembly
Registering precompiled unity dll's ...
Register platform support module: C:/Program Files/Unity/Hub/Editor/2022.3.13f1/Editor/Data/PlaybackEngines/AndroidPlayer/UnityEditor.Android.Extensions.dll
Register platform support module: C:/Program Files/Unity/Hub/Editor/2022.3.13f1/Editor/Data/PlaybackEngines/iOSSupport/UnityEditor.iOS.Extensions.dll
Register platform support module: C:/Program Files/Unity/Hub/Editor/2022.3.13f1/Editor/Data/PlaybackEngines/WindowsStandaloneSupport/UnityEditor.WindowsStandalone.Extensions.dll
Registered in 0.008843 seconds.
- Loaded All Assemblies, in  0.289 seconds
Native extension for WindowsStandalone target not found
[usbmuxd] Start listen thread
[usbmuxd] Listen thread started
Native extension for iOS target not found
Native extension for Android target not found
Android Extension - Scanning For ADB Devices 226 ms
Mono: successfully reloaded assembly
- Finished resetting the current domain, in  0.481 seconds
Domain Reload Profiling: 768ms
	BeginReloadAssembly (90ms)
		ExecutionOrderSort (0ms)
		DisableScriptedObjects (0ms)
		BackupInstance (0ms)
		ReleaseScriptingObjects (0ms)
		CreateAndSetChildDomain (1ms)
	RebuildCommonClasses (27ms)
	RebuildNativeTypeToScriptingClass (8ms)
	initialDomainReloadingComplete (52ms)
	LoadAllAssembliesAndSetupDomain (110ms)
		LoadAssemblies (89ms)
		RebuildTransferFunctionScriptingTraits (0ms)
		AnalyzeDomain (108ms)
			TypeCache.Refresh (106ms)
				TypeCache.ScanAssembly (96ms)
			ScanForSourceGeneratedMonoScriptInfo (0ms)
			ResolveRequiredComponents (0ms)
	FinalizeReload (481ms)
		ReleaseScriptCaches (0ms)
		RebuildScriptCaches (0ms)
		SetupLoadedEditorAssemblies (437ms)
			LogAssemblyErrors (0ms)
			InitializePlatformSupportModulesInManaged (320ms)
			SetLoadedEditorAssemblies (3ms)
			RefreshPlugins (0ms)
			BeforeProcessingInitializeOnLoad (2ms)
			ProcessInitializeOnLoadAttributes (76ms)
			ProcessInitializeOnLoadMethodAttributes (36ms)
			AfterProcessingInitializeOnLoad (0ms)
			EditorAssembliesLoaded (0ms)
		ExecutionOrderSort2 (0ms)
		AwakeInstancesAfterBackupRestoration (0ms)
========================================================================
Worker process is ready to serve import requests
Begin MonoManager ReloadAssembly
- Loaded All Assemblies, in  0.513 seconds
Refreshing native plugins compatible for Editor in 1.63 ms, found 2 plugins.
Native extension for WindowsStandalone target not found
Native extension for iOS target not found
Native extension for Android target not found
Package Manager log level set to [2]
[Package Manager] Server::EnsureServerProcessIsRunning -- launch failed, reason: Unity was launched with the -noUpm command-line argument
[Package Manager] UpmClient::Send -- Unable to send message (not connected to UPM process).
[Package Manager] Cannot connect to Unity Package Manager local server
Mono: successfully reloaded assembly
- Finished resetting the current domain, in  0.504 seconds
Domain Reload Profiling: 1014ms
	BeginReloadAssembly (121ms)
		ExecutionOrderSort (0ms)
		DisableScriptedObjects (4ms)
		BackupInstance (0ms)
		ReleaseScriptingObjects (0ms)
		CreateAndSetChildDomain (18ms)
	RebuildCommonClasses (25ms)
	RebuildNativeTypeToScriptingClass (8ms)
	initialDomainReloadingComplete (35ms)
	LoadAllAssembliesAndSetupDomain (320ms)
		LoadAssemblies (246ms)
		RebuildTransferFunctionScriptingTraits (0ms)
		AnalyzeDomain (147ms)
			TypeCache.Refresh (126ms)
				TypeCache.ScanAssembly (114ms)
			ScanForSourceGeneratedMonoScriptInfo (13ms)
			ResolveRequiredComponents (6ms)
	FinalizeReload (504ms)
		ReleaseScriptCaches (0ms)
		RebuildScriptCaches (0ms)
		SetupLoadedEditorAssemblies (381ms)
			LogAssemblyErrors (0ms)
			InitializePlatformSupportModulesInManaged (31ms)
			SetLoadedEditorAssemblies (3ms)
			RefreshPlugins (0ms)
			BeforeProcessingInitializeOnLoad (57ms)
			ProcessInitializeOnLoadAttributes (229ms)
			ProcessInitializeOnLoadMethodAttributes (54ms)
			AfterProcessingInitializeOnLoad (8ms)
			EditorAssembliesLoaded (0ms)
		ExecutionOrderSort2 (0ms)
		AwakeInstancesAfterBackupRestoration (5ms)
Launched and connected shader compiler UnityShaderCompiler.exe after 0.04 seconds
Refreshing native plugins compatible for Editor in 1.48 ms, found 2 plugins.
Preloading 0 native plugins for Editor in 0.00 ms.
Unloading 3661 Unused Serialized files (Serialized files now loaded: 0)
Unloading 72 unused Assets / (1.6 MB). Loaded Objects now: 4115.
Memory consumption went from 197.2 MB to 195.6 MB.
Total: 2.935400 ms (FindLiveObjects: 0.243700 ms CreateObjectMapping: 0.100100 ms MarkObjects: 2.228300 ms  DeleteObjects: 0.361900 ms)

AssetImportParameters requested are different than current active one (requested -> active):
  custom:container-demuxer-ogg: 62fdf1f143b41e24485cea50d1cbac27 -> 
  custom:video-codec-MediaFoundation-h265: 746d11721c4dcdbdad8f713fa42b33f4 -> 
  custom:video-decoder-ogg-theora: a1e56fd34408186e4bbccfd4996cb3dc -> 
  custom:framework-win-MediaFoundation: 216162199b28c13a410421893ffa2e32 -> 
  custom:CustomObjectIndexerAttribute: d54d2f2da18e7612c182cf67624b6b12 -> 
  custom:container-demuxer-webm: 4f35f7cbe854078d1ac9338744f61a02 -> 
  custom:container-muxer-webm: aa71ff27fc2769a1b78a27578f13a17b -> 
  custom:video-decoder-webm-vp8: 9c59270c3fd7afecdb556c50c9e8de78 -> 
  custom:SearchIndexIgnoredProperties: e643bd26f0fe6173181afceb89e7c659 -> 
  custom:AudioImporter_EditorPlatform: d09bf68614088b80899f8185d706f6e7 -> 
  custom:video-encoder-webm-vp8: eb34c28f22e8b96e1ab97ce403110664 -> 
  custom:audio-decoder-ogg-vorbis: bf7c407c2cedff20999df2af8eb42d56 -> 
  custom:audio-encoder-webm-vorbis: bf7c407c2cedff20999df2af8eb42d56 -> 
========================================================================
Received Import Request.
  Time since last request: 169985.348768 seconds.
  path: Assets/Level_Asset/Extract Texture/bush pack.png
  artifactKey: Guid(a0f0e2b6be089724fb797780ddcf39de) Importer(815301076,1909f56bfc062723c751e8b465ee728b)
Start importing Assets/Level_Asset/Extract Texture/bush pack.png using Guid(a0f0e2b6be089724fb797780ddcf39de) Importer(815301076,1909f56bfc062723c751e8b465ee728b)  -> (artifact id: '3e9f93945072a52d88cbf21733c0c9b0') in 0.072940 seconds
Number of updated asset objects reloaded before import = 0
Number of asset objects unloaded after import = 2
========================================================================
Received Import Request.
  Time since last request: 0.000024 seconds.
  path: Assets/Level_Asset/Extract Texture/Untitled.png
  artifactKey: Guid(94b108c2c2e95df478d378442981d019) Importer(815301076,1909f56bfc062723c751e8b465ee728b)
Start importing Assets/Level_Asset/Extract Texture/Untitled.png using Guid(94b108c2c2e95df478d378442981d019) Importer(815301076,1909f56bfc062723c751e8b465ee728b)  -> (artifact id: '407344b61a7f533ecc3950161a5c346d') in 0.016307 seconds
Number of updated asset objects reloaded before import = 0
Number of asset objects unloaded after import = 2
========================================================================
Received Import Request.
  Time since last request: 0.000016 seconds.
  path: Assets/Level_Asset/Extract Texture/other3.png
  artifactKey: Guid(964ec124af69e0b49b896c08f07c0dda) Importer(815301076,1909f56bfc062723c751e8b465ee728b)
Start importing Assets/Level_Asset/Extract Texture/other3.png using Guid(964ec124af69e0b49b896c08f07c0dda) Importer(815301076,1909f56bfc062723c751e8b465ee728b)  -> (artifact id: '629e801b3dafbd26108811ac7fe79e40') in 0.018870 seconds
Number of updated asset objects reloaded before import = 0
Number of asset objects unloaded after import = 2
========================================================================
Received Import Request.
  Time since last request: 0.000028 seconds.
  path: Assets/Level_Asset/Extract Texture/other2.png
  artifactKey: Guid(0da32ab8154b9394e9aa5fbd6a4e9494) Importer(815301076,1909f56bfc062723c751e8b465ee728b)
Start importing Assets/Level_Asset/Extract Texture/other2.png using Guid(0da32ab8154b9394e9aa5fbd6a4e9494) Importer(815301076,1909f56bfc062723c751e8b465ee728b)  -> (artifact id: '5fcafac67ffe17fd31f13069e36d7fb2') in 0.015374 seconds
Number of updated asset objects reloaded before import = 0
Number of asset objects unloaded after import = 2
========================================================================
Received Import Request.
  Time since last request: 0.000015 seconds.
  path: Assets/Level_Asset/Extract Texture/other.png
  artifactKey: Guid(ef26d7ff8bcaff54eb8f26a308739298) Importer(815301076,1909f56bfc062723c751e8b465ee728b)
Start importing Assets/Level_Asset/Extract Texture/other.png using Guid(ef26d7ff8bcaff54eb8f26a308739298) Importer(815301076,1909f56bfc062723c751e8b465ee728b)  -> (artifact id: '8f82a9ba3667e00b9121f8116cf2998b') in 0.018250 seconds
Number of updated asset objects reloaded before import = 0
Number of asset objects unloaded after import = 2
========================================================================
Received Import Request.
  Time since last request: 0.000017 seconds.
  path: Assets/Level_Asset/Extract Texture/floor brown.png
  artifactKey: Guid(8f8803a2b04b1f3479fea998f5b71bf0) Importer(815301076,1909f56bfc062723c751e8b465ee728b)
Start importing Assets/Level_Asset/Extract Texture/floor brown.png using Guid(8f8803a2b04b1f3479fea998f5b71bf0) Importer(815301076,1909f56bfc062723c751e8b465ee728b)  -> (artifact id: '04abced545201b3f7ee1dd52f8a74814') in 0.016322 seconds
Number of updated asset objects reloaded before import = 0
Number of asset objects unloaded after import = 2
========================================================================
Received Import Request.
  Time since last request: 13.701018 seconds.
  path: Assets/Level_Asset/Level 1 Material/LightMaterail/LightMaterial.mat
  artifactKey: Guid(9bfa3252649de55448f71d4fd69ea8d3) Importer(815301076,1909f56bfc062723c751e8b465ee728b)
Start importing Assets/Level_Asset/Level 1 Material/LightMaterail/LightMaterial.mat using Guid(9bfa3252649de55448f71d4fd69ea8d3) Importer(815301076,1909f56bfc062723c751e8b465ee728b)  -> (artifact id: '568707af4c109f44acdff2dd9710b185') in 0.175171 seconds
Number of updated asset objects reloaded before import = 0
Number of asset objects unloaded after import = 3
========================================================================
Received Import Request.
  Time since last request: 55.928668 seconds.
  path: Assets/Level_Asset/Extract Materials
  artifactKey: Guid(f3e91eb458261ca41b8e9ae649ab0b72) Importer(815301076,1909f56bfc062723c751e8b465ee728b)
Start importing Assets/Level_Asset/Extract Materials using Guid(f3e91eb458261ca41b8e9ae649ab0b72) Importer(815301076,1909f56bfc062723c751e8b465ee728b)  -> (artifact id: '3dfe04a08e88a2f9242cc036ef276e26') in 0.000417 seconds
Number of updated asset objects reloaded before import = 0
Number of asset objects unloaded after import = 0
========================================================================
Received Import Request.
  Time since last request: 150.074773 seconds.
  path: Assets/Level_Asset/Extract Materials/Material.003.mat
  artifactKey: Guid(d2c3976876924d74b861430b16854ed2) Importer(815301076,1909f56bfc062723c751e8b465ee728b)
Start importing Assets/Level_Asset/Extract Materials/Material.003.mat using Guid(d2c3976876924d74b861430b16854ed2) Importer(815301076,1909f56bfc062723c751e8b465ee728b)  -> (artifact id: 'd99409e18bbbafdf17790e652181d27e') in 0.073988 seconds
Number of updated asset objects reloaded before import = 0
Number of asset objects unloaded after import = 2
========================================================================
Received Import Request.
  Time since last request: 108.686887 seconds.
  path: Assets/Level_Asset/Extract Materials/bush pack.mat
  artifactKey: Guid(41dbb78f2daab7840b277d80065cb657) Importer(815301076,1909f56bfc062723c751e8b465ee728b)
Start importing Assets/Level_Asset/Extract Materials/bush pack.mat using Guid(41dbb78f2daab7840b277d80065cb657) Importer(815301076,1909f56bfc062723c751e8b465ee728b)  -> (artifact id: '1066587721866a2823778f7d6ef47685') in 0.219539 seconds
Number of updated asset objects reloaded before import = 0
Number of asset objects unloaded after import = 3
========================================================================
Received Import Request.
  Time since last request: 113.280755 seconds.
  path: Assets/Level_Asset/Level1.fbx
  artifactKey: Guid(0f9108bd9c1412744b6842e104135c9a) Importer(815301076,1909f56bfc062723c751e8b465ee728b)
Start importing Assets/Level_Asset/Level1.fbx using Guid(0f9108bd9c1412744b6842e104135c9a) Importer(815301076,1909f56bfc062723c751e8b465ee728b)  -> (artifact id: '730c2f989fbcc9df758ee937f4005372') in 7.800477 seconds
Number of updated asset objects reloaded before import = 0
Number of asset objects unloaded after import = 13842
========================================================================
Received Import Request.
  Time since last request: 2.137278 seconds.
  path: Assets/Level_Asset/Level1.fbx
  artifactKey: Guid(0f9108bd9c1412744b6842e104135c9a) Importer(815301076,1909f56bfc062723c751e8b465ee728b)
Start importing Assets/Level_Asset/Level1.fbx using Guid(0f9108bd9c1412744b6842e104135c9a) Importer(815301076,1909f56bfc062723c751e8b465ee728b)  -> (artifact id: '1b6bccdc976eaf043dd3e91c9e1a112f') in 9.212819 seconds
Number of updated asset objects reloaded before import = 0
Number of asset objects unloaded after import = 13906
========================================================================
Received Import Request.
  Time since last request: 25.220062 seconds.
  path: Assets/Level_Asset/Extract Texture
  artifactKey: Guid(0c98e02e581401040bf5c5c30b501dfb) Importer(815301076,1909f56bfc062723c751e8b465ee728b)
Start importing Assets/Level_Asset/Extract Texture using Guid(0c98e02e581401040bf5c5c30b501dfb) Importer(815301076,1909f56bfc062723c751e8b465ee728b)  -> (artifact id: '52f0c045fb841dc59f9902dd861b4536') in 0.001294 seconds
Number of updated asset objects reloaded before import = 0
Number of asset objects unloaded after import = 0
========================================================================
Received Import Request.
  Time since last request: 4.515209 seconds.
  path: Assets/Level_Asset/Level1.fbx
  artifactKey: Guid(0f9108bd9c1412744b6842e104135c9a) Importer(815301076,1909f56bfc062723c751e8b465ee728b)
Start importing Assets/Level_Asset/Level1.fbx using Guid(0f9108bd9c1412744b6842e104135c9a) Importer(815301076,1909f56bfc062723c751e8b465ee728b)  -> (artifact id: 'fc143fd06fae6e43bd23a46279b13fa7') in 8.638510 seconds
Number of updated asset objects reloaded before import = 0
Number of asset objects unloaded after import = 13904
========================================================================
Received Import Request.
  Time since last request: 10.354120 seconds.
  path: Assets/Level_Asset/Level1.fbx
  artifactKey: Guid(0f9108bd9c1412744b6842e104135c9a) Importer(815301076,1909f56bfc062723c751e8b465ee728b)
Start importing Assets/Level_Asset/Level1.fbx using Guid(0f9108bd9c1412744b6842e104135c9a) Importer(815301076,1909f56bfc062723c751e8b465ee728b)  -> (artifact id: '7f81398908ebfbfd0604af46f1717dde') in 7.751098 seconds
Number of updated asset objects reloaded before import = 0
Number of asset objects unloaded after import = 13906
========================================================================
Received Import Request.
  Time since last request: 11.622175 seconds.
  path: Assets/Level_Asset/Extract Materials/bush pack.mat
  artifactKey: Guid(41dbb78f2daab7840b277d80065cb657) Importer(815301076,1909f56bfc062723c751e8b465ee728b)
Start importing Assets/Level_Asset/Extract Materials/bush pack.mat using Guid(41dbb78f2daab7840b277d80065cb657) Importer(815301076,1909f56bfc062723c751e8b465ee728b)  -> (artifact id: '27d47800b1240af91ea543ceb7a4b762') in 0.013016 seconds
Number of updated asset objects reloaded before import = 0
Number of asset objects unloaded after import = 3
========================================================================
Received Import Request.
  Time since last request: 0.000016 seconds.
  path: Assets/Level_Asset/Extract Materials/Material.002.mat
  artifactKey: Guid(a5cefefb3d0d65343b6f1edfc02e68b0) Importer(815301076,1909f56bfc062723c751e8b465ee728b)
Start importing Assets/Level_Asset/Extract Materials/Material.002.mat using Guid(a5cefefb3d0d65343b6f1edfc02e68b0) Importer(815301076,1909f56bfc062723c751e8b465ee728b)  -> (artifact id: 'dd84a476b6bfd37823ddb74523dd66e0') in 0.010759 seconds
Number of updated asset objects reloaded before import = 0
Number of asset objects unloaded after import = 2
========================================================================
Received Import Request.
  Time since last request: 0.000017 seconds.
  path: Assets/Level_Asset/Extract Materials/house3.mat
  artifactKey: Guid(541348cfe85bb3249a30f525ab8a955a) Importer(815301076,1909f56bfc062723c751e8b465ee728b)
Start importing Assets/Level_Asset/Extract Materials/house3.mat using Guid(541348cfe85bb3249a30f525ab8a955a) Importer(815301076,1909f56bfc062723c751e8b465ee728b)  -> (artifact id: 'c46fe96d427b8ee15255c699ae62683c') in 0.012564 seconds
Number of updated asset objects reloaded before import = 0
Number of asset objects unloaded after import = 3
========================================================================
Received Import Request.
  Time since last request: 0.000016 seconds.
  path: Assets/Level_Asset/Extract Materials/house2.001.mat
  artifactKey: Guid(774de3d254a25e04ba1f295a899000b4) Importer(815301076,1909f56bfc062723c751e8b465ee728b)
Start importing Assets/Level_Asset/Extract Materials/house2.001.mat using Guid(774de3d254a25e04ba1f295a899000b4) Importer(815301076,1909f56bfc062723c751e8b465ee728b)  -> (artifact id: 'f5d3ad141a405a1791aa9fe51b0fa666') in 0.012936 seconds
Number of updated asset objects reloaded before import = 0
Number of asset objects unloaded after import = 3
========================================================================
Received Import Request.
  Time since last request: 0.000015 seconds.
  path: Assets/Level_Asset/Extract Materials/other2.mat
  artifactKey: Guid(989385c8b87b4eb4d8d0538178792910) Importer(815301076,1909f56bfc062723c751e8b465ee728b)
Start importing Assets/Level_Asset/Extract Materials/other2.mat using Guid(989385c8b87b4eb4d8d0538178792910) Importer(815301076,1909f56bfc062723c751e8b465ee728b)  -> (artifact id: '2916e4404e732356f41c238c3e23290e') in 0.014108 seconds
Number of updated asset objects reloaded before import = 0
Number of asset objects unloaded after import = 3
========================================================================
Received Import Request.
  Time since last request: 0.000017 seconds.
  path: Assets/Level_Asset/Extract Materials/Material.003.mat
  artifactKey: Guid(d2c3976876924d74b861430b16854ed2) Importer(815301076,1909f56bfc062723c751e8b465ee728b)
Start importing Assets/Level_Asset/Extract Materials/Material.003.mat using Guid(d2c3976876924d74b861430b16854ed2) Importer(815301076,1909f56bfc062723c751e8b465ee728b)  -> (artifact id: '7cf6dcb65ad6826253fcd6aa076bd3ca') in 0.010051 seconds
Number of updated asset objects reloaded before import = 0
Number of asset objects unloaded after import = 2
========================================================================
Received Import Request.
  Time since last request: 0.000016 seconds.
  path: Assets/Level_Asset/Extract Materials/other3.mat
  artifactKey: Guid(2ced99aa9a27c67459b396e89aba77ef) Importer(815301076,1909f56bfc062723c751e8b465ee728b)
Start importing Assets/Level_Asset/Extract Materials/other3.mat using Guid(2ced99aa9a27c67459b396e89aba77ef) Importer(815301076,1909f56bfc062723c751e8b465ee728b)  -> (artifact id: 'aab45fdbd1bbfc05d6560eb27a3aaedd') in 0.012016 seconds
Number of updated asset objects reloaded before import = 0
Number of asset objects unloaded after import = 3
========================================================================
Received Import Request.
  Time since last request: 4.438519 seconds.
  path: Assets/Level_Asset/Extract Texture/cec072350bb85c6f267e65f3604e5c09.png
  artifactKey: Guid(95c913b9040dc23458e3b5214e9866a8) Importer(815301076,1909f56bfc062723c751e8b465ee728b)
Start importing Assets/Level_Asset/Extract Texture/cec072350bb85c6f267e65f3604e5c09.png using Guid(95c913b9040dc23458e3b5214e9866a8) Importer(815301076,1909f56bfc062723c751e8b465ee728b)  -> (artifact id: '827ba2eabc179ec000966195217c709e') in 0.016547 seconds
Number of updated asset objects reloaded before import = 0
Number of asset objects unloaded after import = 2
========================================================================
Received Import Request.
  Time since last request: 0.000016 seconds.
  path: Assets/Level_Asset/Extract Texture/floor brown.png
  artifactKey: Guid(8e1d697134be8e74cbad03f0fa894a8b) Importer(815301076,1909f56bfc062723c751e8b465ee728b)
Start importing Assets/Level_Asset/Extract Texture/floor brown.png using Guid(8e1d697134be8e74cbad03f0fa894a8b) Importer(815301076,1909f56bfc062723c751e8b465ee728b)  -> (artifact id: '9ea9aa4f6f8c9780b3ad733ee7cb46e5') in 0.016951 seconds
Number of updated asset objects reloaded before import = 0
Number of asset objects unloaded after import = 2
========================================================================
Received Import Request.
  Time since last request: 0.000018 seconds.
  path: Assets/Level_Asset/Extract Texture/floor Base Color 2.png
  artifactKey: Guid(87c7a75ef65e54a468cee4a1e5f43e60) Importer(815301076,1909f56bfc062723c751e8b465ee728b)
Start importing Assets/Level_Asset/Extract Texture/floor Base Color 2.png using Guid(87c7a75ef65e54a468cee4a1e5f43e60) Importer(815301076,1909f56bfc062723c751e8b465ee728b)  -> (artifact id: '83739034ee22a3b75aa5c69c26e8ed49') in 0.013083 seconds
Number of updated asset objects reloaded before import = 0
Number of asset objects unloaded after import = 2
========================================================================
Received Import Request.
  Time since last request: 0.000027 seconds.
  path: Assets/Level_Asset/Extract Texture/house2.png
  artifactKey: Guid(974f67a1c2988a549aa8edddf34d7184) Importer(815301076,1909f56bfc062723c751e8b465ee728b)
Start importing Assets/Level_Asset/Extract Texture/house2.png using Guid(974f67a1c2988a549aa8edddf34d7184) Importer(815301076,1909f56bfc062723c751e8b465ee728b)  -> (artifact id: '2c3f5931e0e6a8eb85c09d3543a391b6') in 0.017305 seconds
Number of updated asset objects reloaded before import = 0
Number of asset objects unloaded after import = 2
========================================================================
Received Import Request.
  Time since last request: 0.000015 seconds.
  path: Assets/Level_Asset/Extract Texture/other3.png
  artifactKey: Guid(bc162e52b3a2da24883a7f6ffcf2d284) Importer(815301076,1909f56bfc062723c751e8b465ee728b)
Start importing Assets/Level_Asset/Extract Texture/other3.png using Guid(bc162e52b3a2da24883a7f6ffcf2d284) Importer(815301076,1909f56bfc062723c751e8b465ee728b)  -> (artifact id: '09efb5500eed8b7eb531da4427aa5ac5') in 0.016433 seconds
Number of updated asset objects reloaded before import = 0
Number of asset objects unloaded after import = 2
========================================================================
Received Import Request.
  Time since last request: 7.422226 seconds.
  path: Assets/Materail/SkyBox.mat
  artifactKey: Guid(c32459c80d414784b94a5f8ef95c91ba) Importer(815301076,1909f56bfc062723c751e8b465ee728b)
Start importing Assets/Materail/SkyBox.mat using Guid(c32459c80d414784b94a5f8ef95c91ba) Importer(815301076,1909f56bfc062723c751e8b465ee728b)  -> (artifact id: 'b47f700143661be9d159c5596b0fdc77') in 0.042765 seconds
Number of updated asset objects reloaded before import = 0
Number of asset objects unloaded after import = 2
========================================================================
Received Import Request.
  Time since last request: 329.832023 seconds.
  path: Assets/Level_Asset/Level1.fbx
  artifactKey: Guid(0f9108bd9c1412744b6842e104135c9a) Importer(815301076,1909f56bfc062723c751e8b465ee728b)
Start importing Assets/Level_Asset/Level1.fbx using Guid(0f9108bd9c1412744b6842e104135c9a) Importer(815301076,1909f56bfc062723c751e8b465ee728b)  -> (artifact id: 'a9cfbef946eb363b6d5b0ab56f2fd78c') in 9.681518 seconds
Number of updated asset objects reloaded before import = 0
Number of asset objects unloaded after import = 13906
