Using pre-set license
Built from '2022.3/staging' branch; Version is '2022.3.13f1 (5f90a5ebde0f) revision 6262949'; Using compiler version '192829333'; Build Type 'Release'
OS: 'Windows 11  (10.0.22621) 64bit Professional' Language: 'en' Physical Memory: 24500 MB
BatchMode: 1, IsHumanControllingUs: 0, StartBugReporterOnCrash: 0, Is64bit: 1, IsPro: 1

COMMAND LINE ARGUMENTS:
C:\Program Files\Unity\Hub\Editor\2022.3.13f1\Editor\Unity.exe
-adb2
-batchMode
-noUpm
-name
AssetImportWorker3
-projectPath
D:/Kisa CMU Works/Lancelot
-logFile
Logs/AssetImportWorker3.log
-srvPort
64246
Successfully changed project path to: D:/Kisa CMU Works/Lancelot
D:/Kisa CMU Works/Lancelot
[UnityMemory] Configuration Parameters - Can be set up in boot.config
    "memorysetup-bucket-allocator-granularity=16"
    "memorysetup-bucket-allocator-bucket-count=8"
    "memorysetup-bucket-allocator-block-size=33554432"
    "memorysetup-bucket-allocator-block-count=8"
    "memorysetup-main-allocator-block-size=16777216"
    "memorysetup-thread-allocator-block-size=16777216"
    "memorysetup-gfx-main-allocator-block-size=16777216"
    "memorysetup-gfx-thread-allocator-block-size=16777216"
    "memorysetup-cache-allocator-block-size=4194304"
    "memorysetup-typetree-allocator-block-size=2097152"
    "memorysetup-profiler-bucket-allocator-granularity=16"
    "memorysetup-profiler-bucket-allocator-bucket-count=8"
    "memorysetup-profiler-bucket-allocator-block-size=33554432"
    "memorysetup-profiler-bucket-allocator-block-count=8"
    "memorysetup-profiler-allocator-block-size=16777216"
    "memorysetup-profiler-editor-allocator-block-size=1048576"
    "memorysetup-temp-allocator-size-main=16777216"
    "memorysetup-job-temp-allocator-block-size=2097152"
    "memorysetup-job-temp-allocator-block-size-background=1048576"
    "memorysetup-job-temp-allocator-reduction-small-platforms=262144"
    "memorysetup-allocator-temp-initial-block-size-main=262144"
    "memorysetup-allocator-temp-initial-block-size-worker=262144"
    "memorysetup-temp-allocator-size-background-worker=32768"
    "memorysetup-temp-allocator-size-job-worker=262144"
    "memorysetup-temp-allocator-size-preload-manager=33554432"
    "memorysetup-temp-allocator-size-nav-mesh-worker=65536"
    "memorysetup-temp-allocator-size-audio-worker=65536"
    "memorysetup-temp-allocator-size-cloud-worker=32768"
    "memorysetup-temp-allocator-size-gi-baking-worker=262144"
    "memorysetup-temp-allocator-size-gfx=262144"
Player connection [36244] Host "[IP] 192.168.80.222 [Port] 0 [Flags] 2 [Guid] 3454157623 [EditorId] 3454157623 [Version] 1048832 [Id] WindowsEditor(7,Kisa) [Debug] 1 [PackageName] WindowsEditor [ProjectName] Editor" joined multi-casting on [225.0.0.222:54997]...

Player connection [36244] Host "[IP] 192.168.80.222 [Port] 0 [Flags] 2 [Guid] 3454157623 [EditorId] 3454157623 [Version] 1048832 [Id] WindowsEditor(7,Kisa) [Debug] 1 [PackageName] WindowsEditor [ProjectName] Editor" joined alternative multi-casting on [225.0.0.222:34997]...

[Physics::Module] Initialized MultithreadedJobDispatcher with 11 workers.
Refreshing native plugins compatible for Editor in 4.93 ms, found 2 plugins.
Preloading 0 native plugins for Editor in 0.00 ms.
Initialize engine version: 2022.3.13f1 (5f90a5ebde0f)
[Subsystems] Discovering subsystems at path C:/Program Files/Unity/Hub/Editor/2022.3.13f1/Editor/Data/Resources/UnitySubsystems
[Subsystems] Discovering subsystems at path D:/Kisa CMU Works/Lancelot/Assets
GfxDevice: creating device client; threaded=0; jobified=0
Direct3D:
    Version:  Direct3D 11.0 [level 11.1]
    Renderer: NVIDIA GeForce GTX 1070 Ti (ID=0x1b82)
    Vendor:   NVIDIA
    VRAM:     8060 MB
    Driver:   31.0.15.5123
Initialize mono
Mono path[0] = 'C:/Program Files/Unity/Hub/Editor/2022.3.13f1/Editor/Data/Managed'
Mono path[1] = 'C:/Program Files/Unity/Hub/Editor/2022.3.13f1/Editor/Data/MonoBleedingEdge/lib/mono/unityjit-win32'
Mono config path = 'C:/Program Files/Unity/Hub/Editor/2022.3.13f1/Editor/Data/MonoBleedingEdge/etc'
Using monoOptions --debugger-agent=transport=dt_socket,embedding=1,server=y,suspend=n,address=127.0.0.1:56148
Begin MonoManager ReloadAssembly
Registering precompiled unity dll's ...
Register platform support module: C:/Program Files/Unity/Hub/Editor/2022.3.13f1/Editor/Data/PlaybackEngines/AndroidPlayer/UnityEditor.Android.Extensions.dll
Register platform support module: C:/Program Files/Unity/Hub/Editor/2022.3.13f1/Editor/Data/PlaybackEngines/iOSSupport/UnityEditor.iOS.Extensions.dll
Register platform support module: C:/Program Files/Unity/Hub/Editor/2022.3.13f1/Editor/Data/PlaybackEngines/WindowsStandaloneSupport/UnityEditor.WindowsStandalone.Extensions.dll
Registered in 0.008878 seconds.
- Loaded All Assemblies, in  0.274 seconds
Native extension for WindowsStandalone target not found
[usbmuxd] Start listen thread
[usbmuxd] Listen thread started
Native extension for iOS target not found
Native extension for Android target not found
Android Extension - Scanning For ADB Devices 206 ms
Mono: successfully reloaded assembly
- Finished resetting the current domain, in  0.457 seconds
Domain Reload Profiling: 730ms
	BeginReloadAssembly (82ms)
		ExecutionOrderSort (0ms)
		DisableScriptedObjects (0ms)
		BackupInstance (0ms)
		ReleaseScriptingObjects (0ms)
		CreateAndSetChildDomain (1ms)
	RebuildCommonClasses (25ms)
	RebuildNativeTypeToScriptingClass (8ms)
	initialDomainReloadingComplete (49ms)
	LoadAllAssembliesAndSetupDomain (109ms)
		LoadAssemblies (81ms)
		RebuildTransferFunctionScriptingTraits (0ms)
		AnalyzeDomain (106ms)
			TypeCache.Refresh (105ms)
				TypeCache.ScanAssembly (95ms)
			ScanForSourceGeneratedMonoScriptInfo (0ms)
			ResolveRequiredComponents (0ms)
	FinalizeReload (457ms)
		ReleaseScriptCaches (0ms)
		RebuildScriptCaches (0ms)
		SetupLoadedEditorAssemblies (414ms)
			LogAssemblyErrors (0ms)
			InitializePlatformSupportModulesInManaged (298ms)
			SetLoadedEditorAssemblies (3ms)
			RefreshPlugins (0ms)
			BeforeProcessingInitializeOnLoad (2ms)
			ProcessInitializeOnLoadAttributes (77ms)
			ProcessInitializeOnLoadMethodAttributes (35ms)
			AfterProcessingInitializeOnLoad (0ms)
			EditorAssembliesLoaded (0ms)
		ExecutionOrderSort2 (0ms)
		AwakeInstancesAfterBackupRestoration (0ms)
========================================================================
Worker process is ready to serve import requests
Begin MonoManager ReloadAssembly
- Loaded All Assemblies, in  0.472 seconds
Refreshing native plugins compatible for Editor in 2.75 ms, found 2 plugins.
Native extension for WindowsStandalone target not found
Native extension for iOS target not found
Native extension for Android target not found
Package Manager log level set to [2]
[Package Manager] Server::EnsureServerProcessIsRunning -- launch failed, reason: Unity was launched with the -noUpm command-line argument
[Package Manager] UpmClient::Send -- Unable to send message (not connected to UPM process).
[Package Manager] Cannot connect to Unity Package Manager local server
Mono: successfully reloaded assembly
- Finished resetting the current domain, in  0.487 seconds
Domain Reload Profiling: 957ms
	BeginReloadAssembly (116ms)
		ExecutionOrderSort (0ms)
		DisableScriptedObjects (4ms)
		BackupInstance (0ms)
		ReleaseScriptingObjects (0ms)
		CreateAndSetChildDomain (19ms)
	RebuildCommonClasses (26ms)
	RebuildNativeTypeToScriptingClass (8ms)
	initialDomainReloadingComplete (33ms)
	LoadAllAssembliesAndSetupDomain (287ms)
		LoadAssemblies (212ms)
		RebuildTransferFunctionScriptingTraits (0ms)
		AnalyzeDomain (142ms)
			TypeCache.Refresh (122ms)
				TypeCache.ScanAssembly (109ms)
			ScanForSourceGeneratedMonoScriptInfo (13ms)
			ResolveRequiredComponents (6ms)
	FinalizeReload (487ms)
		ReleaseScriptCaches (0ms)
		RebuildScriptCaches (0ms)
		SetupLoadedEditorAssemblies (374ms)
			LogAssemblyErrors (0ms)
			InitializePlatformSupportModulesInManaged (28ms)
			SetLoadedEditorAssemblies (3ms)
			RefreshPlugins (0ms)
			BeforeProcessingInitializeOnLoad (55ms)
			ProcessInitializeOnLoadAttributes (228ms)
			ProcessInitializeOnLoadMethodAttributes (52ms)
			AfterProcessingInitializeOnLoad (7ms)
			EditorAssembliesLoaded (0ms)
		ExecutionOrderSort2 (0ms)
		AwakeInstancesAfterBackupRestoration (5ms)
Launched and connected shader compiler UnityShaderCompiler.exe after 0.04 seconds
Refreshing native plugins compatible for Editor in 1.56 ms, found 2 plugins.
Preloading 0 native plugins for Editor in 0.00 ms.
Unloading 3661 Unused Serialized files (Serialized files now loaded: 0)
Unloading 72 unused Assets / (1.6 MB). Loaded Objects now: 4115.
Memory consumption went from 197.2 MB to 195.6 MB.
Total: 3.588300 ms (FindLiveObjects: 0.296900 ms CreateObjectMapping: 0.212400 ms MarkObjects: 2.686600 ms  DeleteObjects: 0.390900 ms)

AssetImportParameters requested are different than current active one (requested -> active):
  custom:container-demuxer-ogg: 62fdf1f143b41e24485cea50d1cbac27 -> 
  custom:video-codec-MediaFoundation-h265: 746d11721c4dcdbdad8f713fa42b33f4 -> 
  custom:video-decoder-ogg-theora: a1e56fd34408186e4bbccfd4996cb3dc -> 
  custom:framework-win-MediaFoundation: 216162199b28c13a410421893ffa2e32 -> 
  custom:CustomObjectIndexerAttribute: d54d2f2da18e7612c182cf67624b6b12 -> 
  custom:container-demuxer-webm: 4f35f7cbe854078d1ac9338744f61a02 -> 
  custom:container-muxer-webm: aa71ff27fc2769a1b78a27578f13a17b -> 
  custom:video-decoder-webm-vp8: 9c59270c3fd7afecdb556c50c9e8de78 -> 
  custom:SearchIndexIgnoredProperties: e643bd26f0fe6173181afceb89e7c659 -> 
  custom:AudioImporter_EditorPlatform: d09bf68614088b80899f8185d706f6e7 -> 
  custom:video-encoder-webm-vp8: eb34c28f22e8b96e1ab97ce403110664 -> 
  custom:audio-decoder-ogg-vorbis: bf7c407c2cedff20999df2af8eb42d56 -> 
  custom:audio-encoder-webm-vorbis: bf7c407c2cedff20999df2af8eb42d56 -> 
========================================================================
Received Import Request.
  Time since last request: 170205.448624 seconds.
  path: Assets/Level_Asset/Extract Materials/Material.008.mat
  artifactKey: Guid(2949c6b10b275b74daee2817550eb5fe) Importer(815301076,1909f56bfc062723c751e8b465ee728b)
Start importing Assets/Level_Asset/Extract Materials/Material.008.mat using Guid(2949c6b10b275b74daee2817550eb5fe) Importer(815301076,1909f56bfc062723c751e8b465ee728b)  -> (artifact id: '4930e0455ebed416fddb27a13c814e64') in 0.281140 seconds
Number of updated asset objects reloaded before import = 0
Number of asset objects unloaded after import = 3
========================================================================
Received Import Request.
  Time since last request: 272.508366 seconds.
  path: Assets/Level_Asset/Extract Materials/brick floor2.mat
  artifactKey: Guid(3862ae1f1ad277e4fa5a412aae05b0e0) Importer(815301076,1909f56bfc062723c751e8b465ee728b)
Start importing Assets/Level_Asset/Extract Materials/brick floor2.mat using Guid(3862ae1f1ad277e4fa5a412aae05b0e0) Importer(815301076,1909f56bfc062723c751e8b465ee728b)  -> (artifact id: '3a1bdbbadcd3beff54686fd046481123') in 0.022546 seconds
Number of updated asset objects reloaded before import = 0
Number of asset objects unloaded after import = 2
========================================================================
Received Import Request.
  Time since last request: 0.000017 seconds.
  path: Assets/Level_Asset/Extract Materials/house2.mat
  artifactKey: Guid(86a0a8645297a8140872177d9f06dcf5) Importer(815301076,1909f56bfc062723c751e8b465ee728b)
Start importing Assets/Level_Asset/Extract Materials/house2.mat using Guid(86a0a8645297a8140872177d9f06dcf5) Importer(815301076,1909f56bfc062723c751e8b465ee728b)  -> (artifact id: 'b7c55427378fe79f256fe9b1c014e31e') in 0.012342 seconds
Number of updated asset objects reloaded before import = 0
Number of asset objects unloaded after import = 2
========================================================================
Received Import Request.
  Time since last request: 0.000016 seconds.
  path: Assets/Level_Asset/Extract Materials/house3.mat
  artifactKey: Guid(541348cfe85bb3249a30f525ab8a955a) Importer(815301076,1909f56bfc062723c751e8b465ee728b)
Start importing Assets/Level_Asset/Extract Materials/house3.mat using Guid(541348cfe85bb3249a30f525ab8a955a) Importer(815301076,1909f56bfc062723c751e8b465ee728b)  -> (artifact id: '54ff9297ec83378abc0926e2cd1aa228') in 0.013481 seconds
Number of updated asset objects reloaded before import = 0
Number of asset objects unloaded after import = 2
========================================================================
Received Import Request.
  Time since last request: 0.000016 seconds.
  path: Assets/Level_Asset/Extract Materials/grass.mat
  artifactKey: Guid(21ccf055bf040a349a4cb2f23a920433) Importer(815301076,1909f56bfc062723c751e8b465ee728b)
Start importing Assets/Level_Asset/Extract Materials/grass.mat using Guid(21ccf055bf040a349a4cb2f23a920433) Importer(815301076,1909f56bfc062723c751e8b465ee728b)  -> (artifact id: '41e3740a9af48364ca31423494be8d0c') in 0.013030 seconds
Number of updated asset objects reloaded before import = 0
Number of asset objects unloaded after import = 2
========================================================================
Received Import Request.
  Time since last request: 0.000018 seconds.
  path: Assets/Level_Asset/Extract Materials/Material.007.mat
  artifactKey: Guid(1d49f528c3a64db48898f78fa8545f8c) Importer(815301076,1909f56bfc062723c751e8b465ee728b)
Start importing Assets/Level_Asset/Extract Materials/Material.007.mat using Guid(1d49f528c3a64db48898f78fa8545f8c) Importer(815301076,1909f56bfc062723c751e8b465ee728b)  -> (artifact id: '1b86cf60ea630108594c265fdbb47954') in 0.011562 seconds
Number of updated asset objects reloaded before import = 0
Number of asset objects unloaded after import = 2
========================================================================
Received Import Request.
  Time since last request: 0.000019 seconds.
  path: Assets/Level_Asset/Extract Materials/steel house.mat
  artifactKey: Guid(d76037d0c9f1b144687e03265c53cb2a) Importer(815301076,1909f56bfc062723c751e8b465ee728b)
Start importing Assets/Level_Asset/Extract Materials/steel house.mat using Guid(d76037d0c9f1b144687e03265c53cb2a) Importer(815301076,1909f56bfc062723c751e8b465ee728b)  -> (artifact id: 'edd7e088236f5c91005d4d902894cd16') in 0.012671 seconds
Number of updated asset objects reloaded before import = 0
Number of asset objects unloaded after import = 2
========================================================================
Received Import Request.
  Time since last request: 0.000027 seconds.
  path: Assets/Level_Asset/Extract Materials/Material.001.mat
  artifactKey: Guid(b937866164d81c74d9e6d1b0a1638f2e) Importer(815301076,1909f56bfc062723c751e8b465ee728b)
Start importing Assets/Level_Asset/Extract Materials/Material.001.mat using Guid(b937866164d81c74d9e6d1b0a1638f2e) Importer(815301076,1909f56bfc062723c751e8b465ee728b)  -> (artifact id: 'b14e88b05832b0f464fb62be718ed568') in 0.012977 seconds
Number of updated asset objects reloaded before import = 0
Number of asset objects unloaded after import = 2
========================================================================
Received Import Request.
  Time since last request: 0.000023 seconds.
  path: Assets/Level_Asset/Extract Materials/house2.001.mat
  artifactKey: Guid(774de3d254a25e04ba1f295a899000b4) Importer(815301076,1909f56bfc062723c751e8b465ee728b)
Start importing Assets/Level_Asset/Extract Materials/house2.001.mat using Guid(774de3d254a25e04ba1f295a899000b4) Importer(815301076,1909f56bfc062723c751e8b465ee728b)  -> (artifact id: 'cea55c7c59a750fdd118d07d83be1f99') in 0.011686 seconds
Number of updated asset objects reloaded before import = 0
Number of asset objects unloaded after import = 2
========================================================================
Received Import Request.
  Time since last request: 0.000028 seconds.
  path: Assets/Level_Asset/Extract Materials/other.mat
  artifactKey: Guid(2eab8b2343b8a86418ad44718c6da488) Importer(815301076,1909f56bfc062723c751e8b465ee728b)
Start importing Assets/Level_Asset/Extract Materials/other.mat using Guid(2eab8b2343b8a86418ad44718c6da488) Importer(815301076,1909f56bfc062723c751e8b465ee728b)  -> (artifact id: '8e85fe944ae48c195eb3521a290a20f8') in 0.012765 seconds
Number of updated asset objects reloaded before import = 0
Number of asset objects unloaded after import = 2
========================================================================
Received Import Request.
  Time since last request: 0.000019 seconds.
  path: Assets/Level_Asset/Extract Materials/Chair.mat
  artifactKey: Guid(d23e727e3bf8bc04d9890f031c19c885) Importer(815301076,1909f56bfc062723c751e8b465ee728b)
Start importing Assets/Level_Asset/Extract Materials/Chair.mat using Guid(d23e727e3bf8bc04d9890f031c19c885) Importer(815301076,1909f56bfc062723c751e8b465ee728b)  -> (artifact id: 'd1361099a10c26f91092e5512500a02e') in 0.013393 seconds
Number of updated asset objects reloaded before import = 0
Number of asset objects unloaded after import = 2
========================================================================
Received Import Request.
  Time since last request: 0.000040 seconds.
  path: Assets/Level_Asset/Extract Materials/other2.mat
  artifactKey: Guid(989385c8b87b4eb4d8d0538178792910) Importer(815301076,1909f56bfc062723c751e8b465ee728b)
Start importing Assets/Level_Asset/Extract Materials/other2.mat using Guid(989385c8b87b4eb4d8d0538178792910) Importer(815301076,1909f56bfc062723c751e8b465ee728b)  -> (artifact id: '1123f1a44993c08c8976a003067764f6') in 0.013972 seconds
Number of updated asset objects reloaded before import = 0
Number of asset objects unloaded after import = 2
========================================================================
Received Import Request.
  Time since last request: 0.000019 seconds.
  path: Assets/Level_Asset/Extract Materials/house1.mat
  artifactKey: Guid(a3826db0204d8ed449ba56139d7aabd0) Importer(815301076,1909f56bfc062723c751e8b465ee728b)
Start importing Assets/Level_Asset/Extract Materials/house1.mat using Guid(a3826db0204d8ed449ba56139d7aabd0) Importer(815301076,1909f56bfc062723c751e8b465ee728b)  -> (artifact id: '78168d329ef7022f5d791b7ad43643c0') in 0.013330 seconds
Number of updated asset objects reloaded before import = 0
Number of asset objects unloaded after import = 2
========================================================================
Received Import Request.
  Time since last request: 0.000017 seconds.
  path: Assets/Level_Asset/Extract Materials/other3.mat
  artifactKey: Guid(2ced99aa9a27c67459b396e89aba77ef) Importer(815301076,1909f56bfc062723c751e8b465ee728b)
Start importing Assets/Level_Asset/Extract Materials/other3.mat using Guid(2ced99aa9a27c67459b396e89aba77ef) Importer(815301076,1909f56bfc062723c751e8b465ee728b)  -> (artifact id: 'fffb1dece7094bacd24a5699583efc21') in 0.013284 seconds
Number of updated asset objects reloaded before import = 0
Number of asset objects unloaded after import = 2
========================================================================
Received Import Request.
  Time since last request: 0.000020 seconds.
  path: Assets/Level_Asset/Extract Materials/street.mat
  artifactKey: Guid(1c559f7aac2165141b9051d94e5dc164) Importer(815301076,1909f56bfc062723c751e8b465ee728b)
Start importing Assets/Level_Asset/Extract Materials/street.mat using Guid(1c559f7aac2165141b9051d94e5dc164) Importer(815301076,1909f56bfc062723c751e8b465ee728b)  -> (artifact id: 'c29639b6c9106de6be6913c6c7269546') in 0.011373 seconds
Number of updated asset objects reloaded before import = 0
Number of asset objects unloaded after import = 2
========================================================================
Received Import Request.
  Time since last request: 2.583521 seconds.
  path: Assets/Level_Asset/Level1.fbx
  artifactKey: Guid(0f9108bd9c1412744b6842e104135c9a) Importer(815301076,1909f56bfc062723c751e8b465ee728b)
Start importing Assets/Level_Asset/Level1.fbx using Guid(0f9108bd9c1412744b6842e104135c9a) Importer(815301076,1909f56bfc062723c751e8b465ee728b)  -> (artifact id: 'fc143fd06fae6e43bd23a46279b13fa7') in 8.552067 seconds
Number of updated asset objects reloaded before import = 0
Number of asset objects unloaded after import = 13904
========================================================================
Received Import Request.
  Time since last request: 25.367553 seconds.
  path: Assets/Level_Asset/Extract Materials/Chair.mat
  artifactKey: Guid(d23e727e3bf8bc04d9890f031c19c885) Importer(815301076,1909f56bfc062723c751e8b465ee728b)
Start importing Assets/Level_Asset/Extract Materials/Chair.mat using Guid(d23e727e3bf8bc04d9890f031c19c885) Importer(815301076,1909f56bfc062723c751e8b465ee728b)  -> (artifact id: '187c63ef9cb73169696d12137ca38f11') in 0.013348 seconds
Number of updated asset objects reloaded before import = 0
Number of asset objects unloaded after import = 3
========================================================================
Received Import Request.
  Time since last request: 0.000015 seconds.
  path: Assets/Level_Asset/Extract Materials/Material.008.mat
  artifactKey: Guid(2949c6b10b275b74daee2817550eb5fe) Importer(815301076,1909f56bfc062723c751e8b465ee728b)
Start importing Assets/Level_Asset/Extract Materials/Material.008.mat using Guid(2949c6b10b275b74daee2817550eb5fe) Importer(815301076,1909f56bfc062723c751e8b465ee728b)  -> (artifact id: '9fabcfc43a689007024e252cc483eb4e') in 0.012344 seconds
Number of updated asset objects reloaded before import = 0
Number of asset objects unloaded after import = 2
========================================================================
Received Import Request.
  Time since last request: 0.000015 seconds.
  path: Assets/Level_Asset/Extract Materials/grass.mat
  artifactKey: Guid(21ccf055bf040a349a4cb2f23a920433) Importer(815301076,1909f56bfc062723c751e8b465ee728b)
Start importing Assets/Level_Asset/Extract Materials/grass.mat using Guid(21ccf055bf040a349a4cb2f23a920433) Importer(815301076,1909f56bfc062723c751e8b465ee728b)  -> (artifact id: '2fd75c37be3971ef914d3db30d4bd326') in 0.012277 seconds
Number of updated asset objects reloaded before import = 0
Number of asset objects unloaded after import = 3
========================================================================
Received Import Request.
  Time since last request: 0.000030 seconds.
  path: Assets/Level_Asset/Extract Materials/Material.001.mat
  artifactKey: Guid(b937866164d81c74d9e6d1b0a1638f2e) Importer(815301076,1909f56bfc062723c751e8b465ee728b)
Start importing Assets/Level_Asset/Extract Materials/Material.001.mat using Guid(b937866164d81c74d9e6d1b0a1638f2e) Importer(815301076,1909f56bfc062723c751e8b465ee728b)  -> (artifact id: '1d202f0b456b2a5e9ea799ea48f953eb') in 0.012241 seconds
Number of updated asset objects reloaded before import = 0
Number of asset objects unloaded after import = 3
========================================================================
Received Import Request.
  Time since last request: 0.000017 seconds.
  path: Assets/Level_Asset/Extract Materials/other.mat
  artifactKey: Guid(2eab8b2343b8a86418ad44718c6da488) Importer(815301076,1909f56bfc062723c751e8b465ee728b)
Start importing Assets/Level_Asset/Extract Materials/other.mat using Guid(2eab8b2343b8a86418ad44718c6da488) Importer(815301076,1909f56bfc062723c751e8b465ee728b)  -> (artifact id: 'f3e4540a5f49f77a3e98c365a0c3f31e') in 0.014077 seconds
Number of updated asset objects reloaded before import = 0
Number of asset objects unloaded after import = 3
========================================================================
Received Import Request.
  Time since last request: 0.000019 seconds.
  path: Assets/Level_Asset/Extract Materials/house1.mat
  artifactKey: Guid(a3826db0204d8ed449ba56139d7aabd0) Importer(815301076,1909f56bfc062723c751e8b465ee728b)
Start importing Assets/Level_Asset/Extract Materials/house1.mat using Guid(a3826db0204d8ed449ba56139d7aabd0) Importer(815301076,1909f56bfc062723c751e8b465ee728b)  -> (artifact id: 'a03511c867e9bfae52240d5623035cbc') in 0.010066 seconds
Number of updated asset objects reloaded before import = 0
Number of asset objects unloaded after import = 3
========================================================================
Received Import Request.
  Time since last request: 0.000018 seconds.
  path: Assets/Level_Asset/Extract Materials/OUTLINE.mat
  artifactKey: Guid(4758d904186ad974691b8da5cde0a203) Importer(815301076,1909f56bfc062723c751e8b465ee728b)
Start importing Assets/Level_Asset/Extract Materials/OUTLINE.mat using Guid(4758d904186ad974691b8da5cde0a203) Importer(815301076,1909f56bfc062723c751e8b465ee728b)  -> (artifact id: 'cad9a5e923c852e4a4f0352d0f32f70f') in 0.006333 seconds
Number of updated asset objects reloaded before import = 0
Number of asset objects unloaded after import = 2
========================================================================
Received Import Request.
  Time since last request: 4.445653 seconds.
  path: Assets/Level_Asset/Extract Texture/Chair.png
  artifactKey: Guid(6cde047c3ddb3cf4686b82045e050864) Importer(815301076,1909f56bfc062723c751e8b465ee728b)
Start importing Assets/Level_Asset/Extract Texture/Chair.png using Guid(6cde047c3ddb3cf4686b82045e050864) Importer(815301076,1909f56bfc062723c751e8b465ee728b)  -> (artifact id: '320572fa79651b67077f2077c482796f') in 0.020021 seconds
Number of updated asset objects reloaded before import = 0
Number of asset objects unloaded after import = 2
========================================================================
Received Import Request.
  Time since last request: 0.000024 seconds.
  path: Assets/Level_Asset/Extract Texture/other.png
  artifactKey: Guid(773379c68171cb04a8f3765991e5a4ed) Importer(815301076,1909f56bfc062723c751e8b465ee728b)
Start importing Assets/Level_Asset/Extract Texture/other.png using Guid(773379c68171cb04a8f3765991e5a4ed) Importer(815301076,1909f56bfc062723c751e8b465ee728b)  -> (artifact id: '90819a9b1e64875a1eeac5903e21d0a3') in 0.016761 seconds
Number of updated asset objects reloaded before import = 0
Number of asset objects unloaded after import = 2
========================================================================
Received Import Request.
  Time since last request: 0.000018 seconds.
  path: Assets/Level_Asset/Extract Texture/other2.png
  artifactKey: Guid(0e22d15623745244daf6999d5d3de663) Importer(815301076,1909f56bfc062723c751e8b465ee728b)
Start importing Assets/Level_Asset/Extract Texture/other2.png using Guid(0e22d15623745244daf6999d5d3de663) Importer(815301076,1909f56bfc062723c751e8b465ee728b)  -> (artifact id: 'f4e1ac7769a8c282d3b33551f5cef04d') in 0.017426 seconds
Number of updated asset objects reloaded before import = 0
Number of asset objects unloaded after import = 2
========================================================================
Received Import Request.
  Time since last request: 0.000020 seconds.
  path: Assets/Level_Asset/Extract Texture/steel house outline.png
  artifactKey: Guid(5b995ddc2355fd644847eb8a785467d7) Importer(815301076,1909f56bfc062723c751e8b465ee728b)
Start importing Assets/Level_Asset/Extract Texture/steel house outline.png using Guid(5b995ddc2355fd644847eb8a785467d7) Importer(815301076,1909f56bfc062723c751e8b465ee728b)  -> (artifact id: 'df9edcf536c54af1c3924d3d685ef40a') in 0.015766 seconds
Number of updated asset objects reloaded before import = 0
Number of asset objects unloaded after import = 2
Editor requested this worker to shutdown with reason: Scaling down because of idle timeout
TcpMessagingSession - receive error: operation aborted. errorcode: 995, details: The I/O operation has been aborted because of either a thread exit or an application request.
AssetImportWorker is now disconnected from the server
Process exiting
Exiting without the bug reporter. Application will terminate with return code 0